<?xml version="1.0" encoding="UTF-8"?>
<testsuite xmlns:xsi="http://www.w3.org/2001/XMLSchema-instance" xsi:noNamespaceSchemaLocation="https://maven.apache.org/surefire/maven-surefire-plugin/xsd/surefire-test-report.xsd" name="TestDb" time="23.006" tests="2" errors="0" skipped="0" failures="0">
  <properties>
    <property name="java.specification.version" value="17"/>
    <property name="sun.cpu.isalist" value="amd64"/>
    <property name="sun.jnu.encoding" value="GBK"/>
    <property name="java.class.path" value="D:\code\Java_Projects\BigData_Work\target\test-classes;D:\code\Java_Projects\BigData_Work\target\classes;D:\Env\Java\repository\org\springframework\boot\spring-boot-starter-web\2.7.13\spring-boot-starter-web-2.7.13.jar;D:\Env\Java\repository\org\springframework\boot\spring-boot-starter\2.7.13\spring-boot-starter-2.7.13.jar;D:\Env\Java\repository\org\springframework\boot\spring-boot\2.7.13\spring-boot-2.7.13.jar;D:\Env\Java\repository\org\springframework\boot\spring-boot-autoconfigure\2.7.13\spring-boot-autoconfigure-2.7.13.jar;D:\Env\Java\repository\org\springframework\boot\spring-boot-starter-logging\2.7.13\spring-boot-starter-logging-2.7.13.jar;D:\Env\Java\repository\ch\qos\logback\logback-classic\1.2.12\logback-classic-1.2.12.jar;D:\Env\Java\repository\ch\qos\logback\logback-core\1.2.12\logback-core-1.2.12.jar;D:\Env\Java\repository\org\apache\logging\log4j\log4j-to-slf4j\2.17.2\log4j-to-slf4j-2.17.2.jar;D:\Env\Java\repository\org\apache\logging\log4j\log4j-api\2.17.2\log4j-api-2.17.2.jar;D:\Env\Java\repository\org\slf4j\jul-to-slf4j\1.7.36\jul-to-slf4j-1.7.36.jar;D:\Env\Java\repository\jakarta\annotation\jakarta.annotation-api\1.3.5\jakarta.annotation-api-1.3.5.jar;D:\Env\Java\repository\org\yaml\snakeyaml\1.30\snakeyaml-1.30.jar;D:\Env\Java\repository\org\springframework\boot\spring-boot-starter-json\2.7.13\spring-boot-starter-json-2.7.13.jar;D:\Env\Java\repository\com\fasterxml\jackson\core\jackson-databind\2.13.5\jackson-databind-2.13.5.jar;D:\Env\Java\repository\com\fasterxml\jackson\datatype\jackson-datatype-jdk8\2.13.5\jackson-datatype-jdk8-2.13.5.jar;D:\Env\Java\repository\com\fasterxml\jackson\datatype\jackson-datatype-jsr310\2.13.5\jackson-datatype-jsr310-2.13.5.jar;D:\Env\Java\repository\com\fasterxml\jackson\module\jackson-module-parameter-names\2.13.5\jackson-module-parameter-names-2.13.5.jar;D:\Env\Java\repository\org\springframework\boot\spring-boot-starter-tomcat\2.7.13\spring-boot-starter-tomcat-2.7.13.jar;D:\Env\Java\repository\org\apache\tomcat\embed\tomcat-embed-core\9.0.76\tomcat-embed-core-9.0.76.jar;D:\Env\Java\repository\org\apache\tomcat\embed\tomcat-embed-el\9.0.76\tomcat-embed-el-9.0.76.jar;D:\Env\Java\repository\org\apache\tomcat\embed\tomcat-embed-websocket\9.0.76\tomcat-embed-websocket-9.0.76.jar;D:\Env\Java\repository\org\springframework\spring-web\5.3.28\spring-web-5.3.28.jar;D:\Env\Java\repository\org\springframework\spring-beans\5.3.28\spring-beans-5.3.28.jar;D:\Env\Java\repository\org\springframework\spring-webmvc\5.3.28\spring-webmvc-5.3.28.jar;D:\Env\Java\repository\org\springframework\spring-aop\5.3.28\spring-aop-5.3.28.jar;D:\Env\Java\repository\org\springframework\spring-context\5.3.28\spring-context-5.3.28.jar;D:\Env\Java\repository\org\springframework\spring-expression\5.3.28\spring-expression-5.3.28.jar;D:\Env\Java\repository\org\springframework\boot\spring-boot-starter-jdbc\2.7.13\spring-boot-starter-jdbc-2.7.13.jar;D:\Env\Java\repository\com\zaxxer\HikariCP\4.0.3\HikariCP-4.0.3.jar;D:\Env\Java\repository\org\springframework\spring-jdbc\5.3.28\spring-jdbc-5.3.28.jar;D:\Env\Java\repository\org\springframework\spring-tx\5.3.28\spring-tx-5.3.28.jar;D:\Env\Java\repository\org\springframework\boot\spring-boot-starter-test\2.7.13\spring-boot-starter-test-2.7.13.jar;D:\Env\Java\repository\org\springframework\boot\spring-boot-test\2.7.13\spring-boot-test-2.7.13.jar;D:\Env\Java\repository\org\springframework\boot\spring-boot-test-autoconfigure\2.7.13\spring-boot-test-autoconfigure-2.7.13.jar;D:\Env\Java\repository\com\jayway\jsonpath\json-path\2.7.0\json-path-2.7.0.jar;D:\Env\Java\repository\net\minidev\json-smart\2.4.11\json-smart-2.4.11.jar;D:\Env\Java\repository\net\minidev\accessors-smart\2.4.11\accessors-smart-2.4.11.jar;D:\Env\Java\repository\org\ow2\asm\asm\9.3\asm-9.3.jar;D:\Env\Java\repository\jakarta\xml\bind\jakarta.xml.bind-api\2.3.3\jakarta.xml.bind-api-2.3.3.jar;D:\Env\Java\repository\jakarta\activation\jakarta.activation-api\1.2.2\jakarta.activation-api-1.2.2.jar;D:\Env\Java\repository\org\assertj\assertj-core\3.22.0\assertj-core-3.22.0.jar;D:\Env\Java\repository\org\hamcrest\hamcrest\2.2\hamcrest-2.2.jar;D:\Env\Java\repository\org\junit\jupiter\junit-jupiter\5.8.2\junit-jupiter-5.8.2.jar;D:\Env\Java\repository\org\junit\jupiter\junit-jupiter-api\5.8.2\junit-jupiter-api-5.8.2.jar;D:\Env\Java\repository\org\opentest4j\opentest4j\1.2.0\opentest4j-1.2.0.jar;D:\Env\Java\repository\org\junit\platform\junit-platform-commons\1.8.2\junit-platform-commons-1.8.2.jar;D:\Env\Java\repository\org\apiguardian\apiguardian-api\1.1.2\apiguardian-api-1.1.2.jar;D:\Env\Java\repository\org\junit\jupiter\junit-jupiter-params\5.8.2\junit-jupiter-params-5.8.2.jar;D:\Env\Java\repository\org\junit\jupiter\junit-jupiter-engine\5.8.2\junit-jupiter-engine-5.8.2.jar;D:\Env\Java\repository\org\junit\platform\junit-platform-engine\1.8.2\junit-platform-engine-1.8.2.jar;D:\Env\Java\repository\org\mockito\mockito-core\4.5.1\mockito-core-4.5.1.jar;D:\Env\Java\repository\net\bytebuddy\byte-buddy\1.12.23\byte-buddy-1.12.23.jar;D:\Env\Java\repository\net\bytebuddy\byte-buddy-agent\1.12.23\byte-buddy-agent-1.12.23.jar;D:\Env\Java\repository\org\objenesis\objenesis\3.2\objenesis-3.2.jar;D:\Env\Java\repository\org\mockito\mockito-junit-jupiter\4.5.1\mockito-junit-jupiter-4.5.1.jar;D:\Env\Java\repository\org\skyscreamer\jsonassert\1.5.1\jsonassert-1.5.1.jar;D:\Env\Java\repository\com\vaadin\external\google\android-json\0.0.20131108.vaadin1\android-json-0.0.20131108.vaadin1.jar;D:\Env\Java\repository\org\springframework\spring-core\5.3.28\spring-core-5.3.28.jar;D:\Env\Java\repository\org\springframework\spring-jcl\5.3.28\spring-jcl-5.3.28.jar;D:\Env\Java\repository\org\springframework\spring-test\5.3.28\spring-test-5.3.28.jar;D:\Env\Java\repository\org\xmlunit\xmlunit-core\2.9.1\xmlunit-core-2.9.1.jar;D:\Env\Java\repository\org\mybatis\spring\boot\mybatis-spring-boot-starter\2.2.2\mybatis-spring-boot-starter-2.2.2.jar;D:\Env\Java\repository\org\mybatis\spring\boot\mybatis-spring-boot-autoconfigure\2.2.2\mybatis-spring-boot-autoconfigure-2.2.2.jar;D:\Env\Java\repository\org\mybatis\mybatis\3.5.9\mybatis-3.5.9.jar;D:\Env\Java\repository\org\mybatis\mybatis-spring\2.0.7\mybatis-spring-2.0.7.jar;D:\Env\Java\repository\org\apache\hbase\hbase-client\2.4.8\hbase-client-2.4.8.jar;D:\Env\Java\repository\org\apache\hbase\thirdparty\hbase-shaded-protobuf\3.5.1\hbase-shaded-protobuf-3.5.1.jar;D:\Env\Java\repository\org\apache\hbase\hbase-common\2.4.8\hbase-common-2.4.8.jar;D:\Env\Java\repository\org\apache\hbase\hbase-logging\2.4.8\hbase-logging-2.4.8.jar;D:\Env\Java\repository\org\apache\hbase\thirdparty\hbase-shaded-gson\3.5.1\hbase-shaded-gson-3.5.1.jar;D:\Env\Java\repository\org\apache\hbase\hbase-hadoop-compat\2.4.8\hbase-hadoop-compat-2.4.8.jar;D:\Env\Java\repository\org\apache\hbase\hbase-metrics-api\2.4.8\hbase-metrics-api-2.4.8.jar;D:\Env\Java\repository\org\apache\hbase\hbase-hadoop2-compat\2.4.8\hbase-hadoop2-compat-2.4.8.jar;D:\Env\Java\repository\org\apache\hbase\hbase-metrics\2.4.8\hbase-metrics-2.4.8.jar;D:\Env\Java\repository\javax\activation\javax.activation-api\1.2.0\javax.activation-api-1.2.0.jar;D:\Env\Java\repository\org\apache\hbase\hbase-protocol-shaded\2.4.8\hbase-protocol-shaded-2.4.8.jar;D:\Env\Java\repository\org\apache\hbase\hbase-protocol\2.4.8\hbase-protocol-2.4.8.jar;D:\Env\Java\repository\javax\annotation\javax.annotation-api\1.3.2\javax.annotation-api-1.3.2.jar;D:\Env\Java\repository\commons-codec\commons-codec\1.15\commons-codec-1.15.jar;D:\Env\Java\repository\commons-io\commons-io\2.11.0\commons-io-2.11.0.jar;D:\Env\Java\repository\org\apache\commons\commons-lang3\3.12.0\commons-lang3-3.12.0.jar;D:\Env\Java\repository\org\slf4j\slf4j-api\1.7.36\slf4j-api-1.7.36.jar;D:\Env\Java\repository\org\apache\hbase\thirdparty\hbase-shaded-miscellaneous\3.5.1\hbase-shaded-miscellaneous-3.5.1.jar;D:\Env\Java\repository\com\google\errorprone\error_prone_annotations\2.7.1\error_prone_annotations-2.7.1.jar;D:\Env\Java\repository\com\google\protobuf\protobuf-java\2.5.0\protobuf-java-2.5.0.jar;D:\Env\Java\repository\org\apache\hbase\thirdparty\hbase-shaded-netty\3.5.1\hbase-shaded-netty-3.5.1.jar;D:\Env\Java\repository\org\apache\zookeeper\zookeeper\3.5.7\zookeeper-3.5.7.jar;D:\Env\Java\repository\org\apache\zookeeper\zookeeper-jute\3.5.7\zookeeper-jute-3.5.7.jar;D:\Env\Java\repository\io\netty\netty-handler\4.1.94.Final\netty-handler-4.1.94.Final.jar;D:\Env\Java\repository\io\netty\netty-common\4.1.94.Final\netty-common-4.1.94.Final.jar;D:\Env\Java\repository\io\netty\netty-resolver\4.1.94.Final\netty-resolver-4.1.94.Final.jar;D:\Env\Java\repository\io\netty\netty-buffer\4.1.94.Final\netty-buffer-4.1.94.Final.jar;D:\Env\Java\repository\io\netty\netty-transport\4.1.94.Final\netty-transport-4.1.94.Final.jar;D:\Env\Java\repository\io\netty\netty-transport-native-unix-common\4.1.94.Final\netty-transport-native-unix-common-4.1.94.Final.jar;D:\Env\Java\repository\io\netty\netty-codec\4.1.94.Final\netty-codec-4.1.94.Final.jar;D:\Env\Java\repository\io\netty\netty-transport-native-epoll\4.1.94.Final\netty-transport-native-epoll-4.1.94.Final.jar;D:\Env\Java\repository\io\netty\netty-transport-classes-epoll\4.1.94.Final\netty-transport-classes-epoll-4.1.94.Final.jar;D:\Env\Java\repository\org\apache\htrace\htrace-core4\4.2.0-incubating\htrace-core4-4.2.0-incubating.jar;D:\Env\Java\repository\org\jruby\jcodings\jcodings\1.0.55\jcodings-1.0.55.jar;D:\Env\Java\repository\org\jruby\joni\joni\2.1.31\joni-2.1.31.jar;D:\Env\Java\repository\io\dropwizard\metrics\metrics-core\4.2.19\metrics-core-4.2.19.jar;D:\Env\Java\repository\org\apache\commons\commons-crypto\1.0.0\commons-crypto-1.0.0.jar;D:\Env\Java\repository\org\apache\hadoop\hadoop-auth\2.10.0\hadoop-auth-2.10.0.jar;D:\Env\Java\repository\log4j\log4j\1.2.17\log4j-1.2.17.jar;D:\Env\Java\repository\org\apache\httpcomponents\httpclient\4.5.14\httpclient-4.5.14.jar;D:\Env\Java\repository\org\apache\httpcomponents\httpcore\4.4.16\httpcore-4.4.16.jar;D:\Env\Java\repository\com\nimbusds\nimbus-jose-jwt\4.41.1\nimbus-jose-jwt-4.41.1.jar;D:\Env\Java\repository\org\apache\directory\server\apacheds-kerberos-codec\2.0.0-M15\apacheds-kerberos-codec-2.0.0-M15.jar;D:\Env\Java\repository\org\apache\directory\server\apacheds-i18n\2.0.0-M15\apacheds-i18n-2.0.0-M15.jar;D:\Env\Java\repository\org\apache\directory\api\api-asn1-api\1.0.0-M20\api-asn1-api-1.0.0-M20.jar;D:\Env\Java\repository\org\apache\directory\api\api-util\1.0.0-M20\api-util-1.0.0-M20.jar;D:\Env\Java\repository\org\apache\curator\curator-framework\2.7.1\curator-framework-2.7.1.jar;D:\Env\Java\repository\org\apache\hadoop\hadoop-common\2.10.0\hadoop-common-2.10.0.jar;D:\Env\Java\repository\org\apache\hadoop\hadoop-annotations\2.10.0\hadoop-annotations-2.10.0.jar;D:\Env\Java\repository\com\google\guava\guava\11.0.2\guava-11.0.2.jar;D:\Env\Java\repository\commons-cli\commons-cli\1.2\commons-cli-1.2.jar;D:\Env\Java\repository\org\apache\commons\commons-math3\3.1.1\commons-math3-3.1.1.jar;D:\Env\Java\repository\xmlenc\xmlenc\0.52\xmlenc-0.52.jar;D:\Env\Java\repository\commons-net\commons-net\3.1\commons-net-3.1.jar;D:\Env\Java\repository\commons-collections\commons-collections\3.2.2\commons-collections-3.2.2.jar;D:\Env\Java\repository\org\mortbay\jetty\jetty-sslengine\6.1.26\jetty-sslengine-6.1.26.jar;D:\Env\Java\repository\commons-logging\commons-logging\1.1.3\commons-logging-1.1.3.jar;D:\Env\Java\repository\commons-lang\commons-lang\2.6\commons-lang-2.6.jar;D:\Env\Java\repository\commons-configuration\commons-configuration\1.6\commons-configuration-1.6.jar;D:\Env\Java\repository\commons-digester\commons-digester\1.8\commons-digester-1.8.jar;D:\Env\Java\repository\commons-beanutils\commons-beanutils\1.9.4\commons-beanutils-1.9.4.jar;D:\Env\Java\repository\org\codehaus\jackson\jackson-core-asl\1.9.13\jackson-core-asl-1.9.13.jar;D:\Env\Java\repository\org\codehaus\jackson\jackson-mapper-asl\1.9.13\jackson-mapper-asl-1.9.13.jar;D:\Env\Java\repository\org\apache\avro\avro\1.7.7\avro-1.7.7.jar;D:\Env\Java\repository\com\thoughtworks\paranamer\paranamer\2.3\paranamer-2.3.jar;D:\Env\Java\repository\org\xerial\snappy\snappy-java\1.0.5\snappy-java-1.0.5.jar;D:\Env\Java\repository\com\google\code\gson\gson\2.9.1\gson-2.9.1.jar;D:\Env\Java\repository\com\jcraft\jsch\0.1.54\jsch-0.1.54.jar;D:\Env\Java\repository\org\apache\curator\curator-client\2.7.1\curator-client-2.7.1.jar;D:\Env\Java\repository\org\apache\curator\curator-recipes\2.7.1\curator-recipes-2.7.1.jar;D:\Env\Java\repository\com\google\code\findbugs\jsr305\3.0.0\jsr305-3.0.0.jar;D:\Env\Java\repository\org\codehaus\woodstox\stax2-api\3.1.4\stax2-api-3.1.4.jar;D:\Env\Java\repository\com\fasterxml\woodstox\woodstox-core\5.0.3\woodstox-core-5.0.3.jar;D:\Env\Java\repository\org\apache\yetus\audience-annotations\0.5.0\audience-annotations-0.5.0.jar;D:\Env\Java\repository\org\apache\phoenix\phoenix-core\5.2.0\phoenix-core-5.2.0.jar;D:\Env\Java\repository\org\apache\phoenix\phoenix-core-client\5.2.0\phoenix-core-client-5.2.0.jar;D:\Env\Java\repository\org\apache\phoenix\thirdparty\phoenix-shaded-guava\2.1.0\phoenix-shaded-guava-2.1.0.jar;D:\Env\Java\repository\org\apache\hbase\hbase-zookeeper\2.5.8-hadoop3\hbase-zookeeper-2.5.8-hadoop3.jar;D:\Env\Java\repository\io\opentelemetry\opentelemetry-api\1.15.0\opentelemetry-api-1.15.0.jar;D:\Env\Java\repository\io\opentelemetry\opentelemetry-context\1.15.0\opentelemetry-context-1.15.0.jar;D:\Env\Java\repository\org\apache\omid\omid-hbase-client\1.1.2\omid-hbase-client-1.1.2.jar;D:\Env\Java\repository\org\apache\omid\omid-hbase-common\1.1.2\omid-hbase-common-1.1.2.jar;D:\Env\Java\repository\com\google\inject\guice\5.1.0\guice-5.1.0.jar;D:\Env\Java\repository\javax\inject\javax.inject\1\javax.inject-1.jar;D:\Env\Java\repository\aopalliance\aopalliance\1.0\aopalliance-1.0.jar;D:\Env\Java\repository\org\apache\omid\omid-timestamp-storage\1.1.2\omid-timestamp-storage-1.1.2.jar;D:\Env\Java\repository\org\apache\omid\omid-hbase-commit-table\1.1.2\omid-hbase-commit-table-1.1.2.jar;D:\Env\Java\repository\com\codahale\metrics\metrics-core\3.0.1\metrics-core-3.0.1.jar;D:\Env\Java\repository\com\codahale\metrics\metrics-graphite\3.0.1\metrics-graphite-3.0.1.jar;D:\Env\Java\repository\org\apache\omid\omid-transaction-client\1.1.2\omid-transaction-client-1.1.2.jar;D:\Env\Java\repository\org\apache\omid\omid-statemachine\1.1.2\omid-statemachine-1.1.2.jar;D:\Env\Java\repository\org\apache\omid\omid-metrics\1.1.2\omid-metrics-1.1.2.jar;D:\Env\Java\repository\org\apache\omid\omid-commit-table\1.1.2\omid-commit-table-1.1.2.jar;D:\Env\Java\repository\org\apache\omid\omid-common\1.1.2\omid-common-1.1.2.jar;D:\Env\Java\repository\org\apache\omid\omid-codahale-metrics\1.1.2\omid-codahale-metrics-1.1.2.jar;D:\Env\Java\repository\org\antlr\antlr-runtime\3.5.2\antlr-runtime-3.5.2.jar;D:\Env\Java\repository\joda-time\joda-time\2.10.5\joda-time-2.10.5.jar;D:\Env\Java\repository\com\github\stephenc\findbugs\findbugs-annotations\1.3.9-1\findbugs-annotations-1.3.9-1.jar;D:\Env\Java\repository\com\github\stephenc\jcip\jcip-annotations\1.0-1\jcip-annotations-1.0-1.jar;D:\Env\Java\repository\org\iq80\snappy\snappy\0.3\snappy-0.3.jar;D:\Env\Java\repository\com\fasterxml\jackson\core\jackson-core\2.13.5\jackson-core-2.13.5.jar;D:\Env\Java\repository\com\fasterxml\jackson\core\jackson-annotations\2.13.5\jackson-annotations-2.13.5.jar;D:\Env\Java\repository\org\apache\htrace\htrace-core\3.1.0-incubating\htrace-core-3.1.0-incubating.jar;D:\Env\Java\repository\org\apache\phoenix\thirdparty\phoenix-shaded-commons-cli\2.1.0\phoenix-shaded-commons-cli-2.1.0.jar;D:\Env\Java\repository\org\apache\commons\commons-csv\1.0\commons-csv-1.0.jar;D:\Env\Java\repository\com\clearspring\analytics\stream\2.9.5\stream-2.9.5.jar;D:\Env\Java\repository\it\unimi\dsi\fastutil\7.0.6\fastutil-7.0.6.jar;D:\Env\Java\repository\com\ibm\icu\icu4j\72.1\icu4j-72.1.jar;D:\Env\Java\repository\com\ibm\icu\icu4j-localespi\72.1\icu4j-localespi-72.1.jar;D:\Env\Java\repository\com\lmax\disruptor\3.3.6\disruptor-3.3.6.jar;D:\Env\Java\repository\org\hdrhistogram\HdrHistogram\2.1.12\HdrHistogram-2.1.12.jar;D:\Env\Java\repository\org\apache\phoenix\phoenix-core-server\5.2.0\phoenix-core-server-5.2.0.jar;D:\Env\Java\repository\org\apache\hadoop\hadoop-yarn-api\3.2.4\hadoop-yarn-api-3.2.4.jar;D:\Env\Java\repository\javax\xml\bind\jaxb-api\2.3.1\jaxb-api-2.3.1.jar;D:\Env\Java\repository\org\apache\hadoop\hadoop-mapreduce-client-core\3.2.4\hadoop-mapreduce-client-core-3.2.4.jar;D:\Env\Java\repository\org\apache\hadoop\hadoop-yarn-client\3.2.4\hadoop-yarn-client-3.2.4.jar;D:\Env\Java\repository\org\apache\hadoop\hadoop-yarn-common\3.2.4\hadoop-yarn-common-3.2.4.jar;D:\Env\Java\repository\org\eclipse\jetty\jetty-util\9.4.51.v20230217\jetty-util-9.4.51.v20230217.jar;D:\Env\Java\repository\com\sun\jersey\jersey-core\1.19\jersey-core-1.19.jar;D:\Env\Java\repository\javax\ws\rs\jsr311-api\1.1.1\jsr311-api-1.1.1.jar;D:\Env\Java\repository\com\sun\jersey\jersey-client\1.19\jersey-client-1.19.jar;D:\Env\Java\repository\com\sun\jersey\jersey-server\1.19\jersey-server-1.19.jar;D:\Env\Java\repository\com\sun\jersey\jersey-json\1.19\jersey-json-1.19.jar;D:\Env\Java\repository\org\codehaus\jettison\jettison\1.1\jettison-1.1.jar;D:\Env\Java\repository\com\sun\xml\bind\jaxb-impl\2.2.3-1\jaxb-impl-2.2.3-1.jar;D:\Env\Java\repository\org\codehaus\jackson\jackson-jaxrs\1.9.2\jackson-jaxrs-1.9.2.jar;D:\Env\Java\repository\org\codehaus\jackson\jackson-xc\1.9.2\jackson-xc-1.9.2.jar;D:\Env\Java\repository\com\sun\jersey\contribs\jersey-guice\1.19\jersey-guice-1.19.jar;D:\Env\Java\repository\com\sun\jersey\jersey-servlet\1.19\jersey-servlet-1.19.jar;D:\Env\Java\repository\com\fasterxml\jackson\module\jackson-module-jaxb-annotations\2.13.5\jackson-module-jaxb-annotations-2.13.5.jar;D:\Env\Java\repository\com\fasterxml\jackson\jaxrs\jackson-jaxrs-json-provider\2.13.5\jackson-jaxrs-json-provider-2.13.5.jar;D:\Env\Java\repository\com\fasterxml\jackson\jaxrs\jackson-jaxrs-base\2.13.5\jackson-jaxrs-base-2.13.5.jar;D:\Env\Java\repository\org\apache\hadoop\hadoop-hdfs-client\3.2.4\hadoop-hdfs-client-3.2.4.jar;D:\Env\Java\repository\com\squareup\okhttp\okhttp\2.7.5\okhttp-2.7.5.jar;D:\Env\Java\repository\com\squareup\okio\okio\1.6.0\okio-1.6.0.jar;D:\Env\Java\repository\com\google\inject\extensions\guice-servlet\4.0\guice-servlet-4.0.jar;D:\Env\Java\repository\io\netty\netty\3.10.6.Final\netty-3.10.6.Final.jar;D:\Env\Java\repository\org\apache\hbase\hbase-mapreduce\2.5.8-hadoop3\hbase-mapreduce-2.5.8-hadoop3.jar;D:\Env\Java\repository\org\apache\hbase\hbase-asyncfs\2.5.8-hadoop3\hbase-asyncfs-2.5.8-hadoop3.jar;D:\Env\Java\repository\org\apache\hbase\hbase-replication\2.5.8-hadoop3\hbase-replication-2.5.8-hadoop3.jar;D:\Env\Java\repository\org\apache\hadoop\hadoop-hdfs\3.2.4\hadoop-hdfs-3.2.4.jar;D:\Env\Java\repository\org\eclipse\jetty\jetty-server\9.4.51.v20230217\jetty-server-9.4.51.v20230217.jar;D:\Env\Java\repository\org\eclipse\jetty\jetty-http\9.4.51.v20230217\jetty-http-9.4.51.v20230217.jar;D:\Env\Java\repository\org\eclipse\jetty\jetty-io\9.4.51.v20230217\jetty-io-9.4.51.v20230217.jar;D:\Env\Java\repository\org\eclipse\jetty\jetty-util-ajax\9.4.51.v20230217\jetty-util-ajax-9.4.51.v20230217.jar;D:\Env\Java\repository\commons-daemon\commons-daemon\1.0.13\commons-daemon-1.0.13.jar;D:\Env\Java\repository\io\netty\netty-all\4.1.94.Final\netty-all-4.1.94.Final.jar;D:\Env\Java\repository\io\netty\netty-codec-dns\4.1.94.Final\netty-codec-dns-4.1.94.Final.jar;D:\Env\Java\repository\io\netty\netty-codec-haproxy\4.1.94.Final\netty-codec-haproxy-4.1.94.Final.jar;D:\Env\Java\repository\io\netty\netty-codec-http\4.1.94.Final\netty-codec-http-4.1.94.Final.jar;D:\Env\Java\repository\io\netty\netty-codec-http2\4.1.94.Final\netty-codec-http2-4.1.94.Final.jar;D:\Env\Java\repository\io\netty\netty-codec-memcache\4.1.94.Final\netty-codec-memcache-4.1.94.Final.jar;D:\Env\Java\repository\io\netty\netty-codec-mqtt\4.1.94.Final\netty-codec-mqtt-4.1.94.Final.jar;D:\Env\Java\repository\io\netty\netty-codec-redis\4.1.94.Final\netty-codec-redis-4.1.94.Final.jar;D:\Env\Java\repository\io\netty\netty-codec-smtp\4.1.94.Final\netty-codec-smtp-4.1.94.Final.jar;D:\Env\Java\repository\io\netty\netty-codec-socks\4.1.94.Final\netty-codec-socks-4.1.94.Final.jar;D:\Env\Java\repository\io\netty\netty-codec-stomp\4.1.94.Final\netty-codec-stomp-4.1.94.Final.jar;D:\Env\Java\repository\io\netty\netty-codec-xml\4.1.94.Final\netty-codec-xml-4.1.94.Final.jar;D:\Env\Java\repository\io\netty\netty-handler-proxy\4.1.94.Final\netty-handler-proxy-4.1.94.Final.jar;D:\Env\Java\repository\io\netty\netty-handler-ssl-ocsp\4.1.94.Final\netty-handler-ssl-ocsp-4.1.94.Final.jar;D:\Env\Java\repository\io\netty\netty-resolver-dns\4.1.94.Final\netty-resolver-dns-4.1.94.Final.jar;D:\Env\Java\repository\io\netty\netty-transport-rxtx\4.1.94.Final\netty-transport-rxtx-4.1.94.Final.jar;D:\Env\Java\repository\io\netty\netty-transport-sctp\4.1.94.Final\netty-transport-sctp-4.1.94.Final.jar;D:\Env\Java\repository\io\netty\netty-transport-udt\4.1.94.Final\netty-transport-udt-4.1.94.Final.jar;D:\Env\Java\repository\io\netty\netty-transport-classes-kqueue\4.1.94.Final\netty-transport-classes-kqueue-4.1.94.Final.jar;D:\Env\Java\repository\io\netty\netty-resolver-dns-classes-macos\4.1.94.Final\netty-resolver-dns-classes-macos-4.1.94.Final.jar;D:\Env\Java\repository\io\netty\netty-transport-native-epoll\4.1.94.Final\netty-transport-native-epoll-4.1.94.Final-linux-x86_64.jar;D:\Env\Java\repository\io\netty\netty-transport-native-epoll\4.1.94.Final\netty-transport-native-epoll-4.1.94.Final-linux-aarch_64.jar;D:\Env\Java\repository\io\netty\netty-transport-native-kqueue\4.1.94.Final\netty-transport-native-kqueue-4.1.94.Final-osx-x86_64.jar;D:\Env\Java\repository\io\netty\netty-transport-native-kqueue\4.1.94.Final\netty-transport-native-kqueue-4.1.94.Final-osx-aarch_64.jar;D:\Env\Java\repository\io\netty\netty-resolver-dns-native-macos\4.1.94.Final\netty-resolver-dns-native-macos-4.1.94.Final-osx-x86_64.jar;D:\Env\Java\repository\io\netty\netty-resolver-dns-native-macos\4.1.94.Final\netty-resolver-dns-native-macos-4.1.94.Final-osx-aarch_64.jar;D:\Env\Java\repository\org\apache\hbase\hbase-server\2.5.8-hadoop3\hbase-server-2.5.8-hadoop3.jar;D:\Env\Java\repository\org\apache\hbase\hbase-http\2.5.8-hadoop3\hbase-http-2.5.8-hadoop3.jar;D:\Env\Java\repository\org\apache\hbase\thirdparty\hbase-shaded-jetty\4.1.5\hbase-shaded-jetty-4.1.5.jar;D:\Env\Java\repository\org\apache\hbase\thirdparty\hbase-shaded-jersey\4.1.5\hbase-shaded-jersey-4.1.5.jar;D:\Env\Java\repository\jakarta\validation\jakarta.validation-api\2.0.2\jakarta.validation-api-2.0.2.jar;D:\Env\Java\repository\org\glassfish\hk2\external\jakarta.inject\2.6.1\jakarta.inject-2.6.1.jar;D:\Env\Java\repository\org\javassist\javassist\3.29.2-GA\javassist-3.29.2-GA.jar;D:\Env\Java\repository\org\apache\hbase\hbase-procedure\2.5.8-hadoop3\hbase-procedure-2.5.8-hadoop3.jar;D:\Env\Java\repository\org\glassfish\web\javax.servlet.jsp\2.3.2\javax.servlet.jsp-2.3.2.jar;D:\Env\Java\repository\org\glassfish\javax.el\3.0.1-b12\javax.el-3.0.1-b12.jar;D:\Env\Java\repository\javax\servlet\jsp\javax.servlet.jsp-api\2.3.1\javax.servlet.jsp-api-2.3.1.jar;D:\Env\Java\repository\com\github\ben-manes\caffeine\caffeine\2.9.3\caffeine-2.9.3.jar;D:\Env\Java\repository\org\checkerframework\checker-qual\3.19.0\checker-qual-3.19.0.jar;D:\Env\Java\repository\org\agrona\agrona\1.12.0\agrona-1.12.0.jar;D:\Env\Java\repository\org\jamon\jamon-runtime\2.4.1\jamon-runtime-2.4.1.jar;D:\Env\Java\repository\javax\servlet\javax.servlet-api\4.0.1\javax.servlet-api-4.0.1.jar;D:\Env\Java\repository\org\apache\hadoop\hadoop-distcp\3.2.4\hadoop-distcp-3.2.4.jar;D:\Env\Java\repository\org\apache\omid\omid-hbase-coprocessor\1.1.2\omid-hbase-coprocessor-1.1.2.jar;D:\Env\Java\repository\com\beust\jcommander\1.82\jcommander-1.82.jar;D:\Env\Java\repository\org\apache\commons\commons-collections4\4.1\commons-collections4-4.1.jar;D:\Env\Java\repository\org\apache\commons\commons-compress\1.26.0\commons-compress-1.26.0.jar;D:\Env\Java\repository\com\alibaba\druid\1.2.23\druid-1.2.23.jar;"/>
    <property name="java.vm.vendor" value="Oracle Corporation"/>
    <property name="sun.arch.data.model" value="64"/>
    <property name="user.variant" value=""/>
    <property name="java.vendor.url" value="https://java.oracle.com/"/>
    <property name="user.timezone" value="Asia/Shanghai"/>
    <property name="os.name" value="Windows 11"/>
    <property name="java.vm.specification.version" value="17"/>
    <property name="sun.java.launcher" value="SUN_STANDARD"/>
    <property name="user.country" value="CN"/>
    <property name="sun.boot.library.path" value="D:\Env\Java\jdk-17\bin"/>
    <property name="sun.java.command" value="C:\Users\DF\AppData\Local\Temp\surefire9132989092810494519\surefirebooter10760588381172486257.jar C:\Users\DF\AppData\Local\Temp\surefire9132989092810494519 2024-11-16T23-03-28_929-jvmRun1 surefire2003886440141708497tmp surefire_011433603050857041743tmp"/>
    <property name="jdk.debug" value="release"/>
    <property name="surefire.test.class.path" value="D:\code\Java_Projects\BigData_Work\target\test-classes;D:\code\Java_Projects\BigData_Work\target\classes;D:\Env\Java\repository\org\springframework\boot\spring-boot-starter-web\2.7.13\spring-boot-starter-web-2.7.13.jar;D:\Env\Java\repository\org\springframework\boot\spring-boot-starter\2.7.13\spring-boot-starter-2.7.13.jar;D:\Env\Java\repository\org\springframework\boot\spring-boot\2.7.13\spring-boot-2.7.13.jar;D:\Env\Java\repository\org\springframework\boot\spring-boot-autoconfigure\2.7.13\spring-boot-autoconfigure-2.7.13.jar;D:\Env\Java\repository\org\springframework\boot\spring-boot-starter-logging\2.7.13\spring-boot-starter-logging-2.7.13.jar;D:\Env\Java\repository\ch\qos\logback\logback-classic\1.2.12\logback-classic-1.2.12.jar;D:\Env\Java\repository\ch\qos\logback\logback-core\1.2.12\logback-core-1.2.12.jar;D:\Env\Java\repository\org\apache\logging\log4j\log4j-to-slf4j\2.17.2\log4j-to-slf4j-2.17.2.jar;D:\Env\Java\repository\org\apache\logging\log4j\log4j-api\2.17.2\log4j-api-2.17.2.jar;D:\Env\Java\repository\org\slf4j\jul-to-slf4j\1.7.36\jul-to-slf4j-1.7.36.jar;D:\Env\Java\repository\jakarta\annotation\jakarta.annotation-api\1.3.5\jakarta.annotation-api-1.3.5.jar;D:\Env\Java\repository\org\yaml\snakeyaml\1.30\snakeyaml-1.30.jar;D:\Env\Java\repository\org\springframework\boot\spring-boot-starter-json\2.7.13\spring-boot-starter-json-2.7.13.jar;D:\Env\Java\repository\com\fasterxml\jackson\core\jackson-databind\2.13.5\jackson-databind-2.13.5.jar;D:\Env\Java\repository\com\fasterxml\jackson\datatype\jackson-datatype-jdk8\2.13.5\jackson-datatype-jdk8-2.13.5.jar;D:\Env\Java\repository\com\fasterxml\jackson\datatype\jackson-datatype-jsr310\2.13.5\jackson-datatype-jsr310-2.13.5.jar;D:\Env\Java\repository\com\fasterxml\jackson\module\jackson-module-parameter-names\2.13.5\jackson-module-parameter-names-2.13.5.jar;D:\Env\Java\repository\org\springframework\boot\spring-boot-starter-tomcat\2.7.13\spring-boot-starter-tomcat-2.7.13.jar;D:\Env\Java\repository\org\apache\tomcat\embed\tomcat-embed-core\9.0.76\tomcat-embed-core-9.0.76.jar;D:\Env\Java\repository\org\apache\tomcat\embed\tomcat-embed-el\9.0.76\tomcat-embed-el-9.0.76.jar;D:\Env\Java\repository\org\apache\tomcat\embed\tomcat-embed-websocket\9.0.76\tomcat-embed-websocket-9.0.76.jar;D:\Env\Java\repository\org\springframework\spring-web\5.3.28\spring-web-5.3.28.jar;D:\Env\Java\repository\org\springframework\spring-beans\5.3.28\spring-beans-5.3.28.jar;D:\Env\Java\repository\org\springframework\spring-webmvc\5.3.28\spring-webmvc-5.3.28.jar;D:\Env\Java\repository\org\springframework\spring-aop\5.3.28\spring-aop-5.3.28.jar;D:\Env\Java\repository\org\springframework\spring-context\5.3.28\spring-context-5.3.28.jar;D:\Env\Java\repository\org\springframework\spring-expression\5.3.28\spring-expression-5.3.28.jar;D:\Env\Java\repository\org\springframework\boot\spring-boot-starter-jdbc\2.7.13\spring-boot-starter-jdbc-2.7.13.jar;D:\Env\Java\repository\com\zaxxer\HikariCP\4.0.3\HikariCP-4.0.3.jar;D:\Env\Java\repository\org\springframework\spring-jdbc\5.3.28\spring-jdbc-5.3.28.jar;D:\Env\Java\repository\org\springframework\spring-tx\5.3.28\spring-tx-5.3.28.jar;D:\Env\Java\repository\org\springframework\boot\spring-boot-starter-test\2.7.13\spring-boot-starter-test-2.7.13.jar;D:\Env\Java\repository\org\springframework\boot\spring-boot-test\2.7.13\spring-boot-test-2.7.13.jar;D:\Env\Java\repository\org\springframework\boot\spring-boot-test-autoconfigure\2.7.13\spring-boot-test-autoconfigure-2.7.13.jar;D:\Env\Java\repository\com\jayway\jsonpath\json-path\2.7.0\json-path-2.7.0.jar;D:\Env\Java\repository\net\minidev\json-smart\2.4.11\json-smart-2.4.11.jar;D:\Env\Java\repository\net\minidev\accessors-smart\2.4.11\accessors-smart-2.4.11.jar;D:\Env\Java\repository\org\ow2\asm\asm\9.3\asm-9.3.jar;D:\Env\Java\repository\jakarta\xml\bind\jakarta.xml.bind-api\2.3.3\jakarta.xml.bind-api-2.3.3.jar;D:\Env\Java\repository\jakarta\activation\jakarta.activation-api\1.2.2\jakarta.activation-api-1.2.2.jar;D:\Env\Java\repository\org\assertj\assertj-core\3.22.0\assertj-core-3.22.0.jar;D:\Env\Java\repository\org\hamcrest\hamcrest\2.2\hamcrest-2.2.jar;D:\Env\Java\repository\org\junit\jupiter\junit-jupiter\5.8.2\junit-jupiter-5.8.2.jar;D:\Env\Java\repository\org\junit\jupiter\junit-jupiter-api\5.8.2\junit-jupiter-api-5.8.2.jar;D:\Env\Java\repository\org\opentest4j\opentest4j\1.2.0\opentest4j-1.2.0.jar;D:\Env\Java\repository\org\junit\platform\junit-platform-commons\1.8.2\junit-platform-commons-1.8.2.jar;D:\Env\Java\repository\org\apiguardian\apiguardian-api\1.1.2\apiguardian-api-1.1.2.jar;D:\Env\Java\repository\org\junit\jupiter\junit-jupiter-params\5.8.2\junit-jupiter-params-5.8.2.jar;D:\Env\Java\repository\org\junit\jupiter\junit-jupiter-engine\5.8.2\junit-jupiter-engine-5.8.2.jar;D:\Env\Java\repository\org\junit\platform\junit-platform-engine\1.8.2\junit-platform-engine-1.8.2.jar;D:\Env\Java\repository\org\mockito\mockito-core\4.5.1\mockito-core-4.5.1.jar;D:\Env\Java\repository\net\bytebuddy\byte-buddy\1.12.23\byte-buddy-1.12.23.jar;D:\Env\Java\repository\net\bytebuddy\byte-buddy-agent\1.12.23\byte-buddy-agent-1.12.23.jar;D:\Env\Java\repository\org\objenesis\objenesis\3.2\objenesis-3.2.jar;D:\Env\Java\repository\org\mockito\mockito-junit-jupiter\4.5.1\mockito-junit-jupiter-4.5.1.jar;D:\Env\Java\repository\org\skyscreamer\jsonassert\1.5.1\jsonassert-1.5.1.jar;D:\Env\Java\repository\com\vaadin\external\google\android-json\0.0.20131108.vaadin1\android-json-0.0.20131108.vaadin1.jar;D:\Env\Java\repository\org\springframework\spring-core\5.3.28\spring-core-5.3.28.jar;D:\Env\Java\repository\org\springframework\spring-jcl\5.3.28\spring-jcl-5.3.28.jar;D:\Env\Java\repository\org\springframework\spring-test\5.3.28\spring-test-5.3.28.jar;D:\Env\Java\repository\org\xmlunit\xmlunit-core\2.9.1\xmlunit-core-2.9.1.jar;D:\Env\Java\repository\org\mybatis\spring\boot\mybatis-spring-boot-starter\2.2.2\mybatis-spring-boot-starter-2.2.2.jar;D:\Env\Java\repository\org\mybatis\spring\boot\mybatis-spring-boot-autoconfigure\2.2.2\mybatis-spring-boot-autoconfigure-2.2.2.jar;D:\Env\Java\repository\org\mybatis\mybatis\3.5.9\mybatis-3.5.9.jar;D:\Env\Java\repository\org\mybatis\mybatis-spring\2.0.7\mybatis-spring-2.0.7.jar;D:\Env\Java\repository\org\apache\hbase\hbase-client\2.4.8\hbase-client-2.4.8.jar;D:\Env\Java\repository\org\apache\hbase\thirdparty\hbase-shaded-protobuf\3.5.1\hbase-shaded-protobuf-3.5.1.jar;D:\Env\Java\repository\org\apache\hbase\hbase-common\2.4.8\hbase-common-2.4.8.jar;D:\Env\Java\repository\org\apache\hbase\hbase-logging\2.4.8\hbase-logging-2.4.8.jar;D:\Env\Java\repository\org\apache\hbase\thirdparty\hbase-shaded-gson\3.5.1\hbase-shaded-gson-3.5.1.jar;D:\Env\Java\repository\org\apache\hbase\hbase-hadoop-compat\2.4.8\hbase-hadoop-compat-2.4.8.jar;D:\Env\Java\repository\org\apache\hbase\hbase-metrics-api\2.4.8\hbase-metrics-api-2.4.8.jar;D:\Env\Java\repository\org\apache\hbase\hbase-hadoop2-compat\2.4.8\hbase-hadoop2-compat-2.4.8.jar;D:\Env\Java\repository\org\apache\hbase\hbase-metrics\2.4.8\hbase-metrics-2.4.8.jar;D:\Env\Java\repository\javax\activation\javax.activation-api\1.2.0\javax.activation-api-1.2.0.jar;D:\Env\Java\repository\org\apache\hbase\hbase-protocol-shaded\2.4.8\hbase-protocol-shaded-2.4.8.jar;D:\Env\Java\repository\org\apache\hbase\hbase-protocol\2.4.8\hbase-protocol-2.4.8.jar;D:\Env\Java\repository\javax\annotation\javax.annotation-api\1.3.2\javax.annotation-api-1.3.2.jar;D:\Env\Java\repository\commons-codec\commons-codec\1.15\commons-codec-1.15.jar;D:\Env\Java\repository\commons-io\commons-io\2.11.0\commons-io-2.11.0.jar;D:\Env\Java\repository\org\apache\commons\commons-lang3\3.12.0\commons-lang3-3.12.0.jar;D:\Env\Java\repository\org\slf4j\slf4j-api\1.7.36\slf4j-api-1.7.36.jar;D:\Env\Java\repository\org\apache\hbase\thirdparty\hbase-shaded-miscellaneous\3.5.1\hbase-shaded-miscellaneous-3.5.1.jar;D:\Env\Java\repository\com\google\errorprone\error_prone_annotations\2.7.1\error_prone_annotations-2.7.1.jar;D:\Env\Java\repository\com\google\protobuf\protobuf-java\2.5.0\protobuf-java-2.5.0.jar;D:\Env\Java\repository\org\apache\hbase\thirdparty\hbase-shaded-netty\3.5.1\hbase-shaded-netty-3.5.1.jar;D:\Env\Java\repository\org\apache\zookeeper\zookeeper\3.5.7\zookeeper-3.5.7.jar;D:\Env\Java\repository\org\apache\zookeeper\zookeeper-jute\3.5.7\zookeeper-jute-3.5.7.jar;D:\Env\Java\repository\io\netty\netty-handler\4.1.94.Final\netty-handler-4.1.94.Final.jar;D:\Env\Java\repository\io\netty\netty-common\4.1.94.Final\netty-common-4.1.94.Final.jar;D:\Env\Java\repository\io\netty\netty-resolver\4.1.94.Final\netty-resolver-4.1.94.Final.jar;D:\Env\Java\repository\io\netty\netty-buffer\4.1.94.Final\netty-buffer-4.1.94.Final.jar;D:\Env\Java\repository\io\netty\netty-transport\4.1.94.Final\netty-transport-4.1.94.Final.jar;D:\Env\Java\repository\io\netty\netty-transport-native-unix-common\4.1.94.Final\netty-transport-native-unix-common-4.1.94.Final.jar;D:\Env\Java\repository\io\netty\netty-codec\4.1.94.Final\netty-codec-4.1.94.Final.jar;D:\Env\Java\repository\io\netty\netty-transport-native-epoll\4.1.94.Final\netty-transport-native-epoll-4.1.94.Final.jar;D:\Env\Java\repository\io\netty\netty-transport-classes-epoll\4.1.94.Final\netty-transport-classes-epoll-4.1.94.Final.jar;D:\Env\Java\repository\org\apache\htrace\htrace-core4\4.2.0-incubating\htrace-core4-4.2.0-incubating.jar;D:\Env\Java\repository\org\jruby\jcodings\jcodings\1.0.55\jcodings-1.0.55.jar;D:\Env\Java\repository\org\jruby\joni\joni\2.1.31\joni-2.1.31.jar;D:\Env\Java\repository\io\dropwizard\metrics\metrics-core\4.2.19\metrics-core-4.2.19.jar;D:\Env\Java\repository\org\apache\commons\commons-crypto\1.0.0\commons-crypto-1.0.0.jar;D:\Env\Java\repository\org\apache\hadoop\hadoop-auth\2.10.0\hadoop-auth-2.10.0.jar;D:\Env\Java\repository\log4j\log4j\1.2.17\log4j-1.2.17.jar;D:\Env\Java\repository\org\apache\httpcomponents\httpclient\4.5.14\httpclient-4.5.14.jar;D:\Env\Java\repository\org\apache\httpcomponents\httpcore\4.4.16\httpcore-4.4.16.jar;D:\Env\Java\repository\com\nimbusds\nimbus-jose-jwt\4.41.1\nimbus-jose-jwt-4.41.1.jar;D:\Env\Java\repository\org\apache\directory\server\apacheds-kerberos-codec\2.0.0-M15\apacheds-kerberos-codec-2.0.0-M15.jar;D:\Env\Java\repository\org\apache\directory\server\apacheds-i18n\2.0.0-M15\apacheds-i18n-2.0.0-M15.jar;D:\Env\Java\repository\org\apache\directory\api\api-asn1-api\1.0.0-M20\api-asn1-api-1.0.0-M20.jar;D:\Env\Java\repository\org\apache\directory\api\api-util\1.0.0-M20\api-util-1.0.0-M20.jar;D:\Env\Java\repository\org\apache\curator\curator-framework\2.7.1\curator-framework-2.7.1.jar;D:\Env\Java\repository\org\apache\hadoop\hadoop-common\2.10.0\hadoop-common-2.10.0.jar;D:\Env\Java\repository\org\apache\hadoop\hadoop-annotations\2.10.0\hadoop-annotations-2.10.0.jar;D:\Env\Java\repository\com\google\guava\guava\11.0.2\guava-11.0.2.jar;D:\Env\Java\repository\commons-cli\commons-cli\1.2\commons-cli-1.2.jar;D:\Env\Java\repository\org\apache\commons\commons-math3\3.1.1\commons-math3-3.1.1.jar;D:\Env\Java\repository\xmlenc\xmlenc\0.52\xmlenc-0.52.jar;D:\Env\Java\repository\commons-net\commons-net\3.1\commons-net-3.1.jar;D:\Env\Java\repository\commons-collections\commons-collections\3.2.2\commons-collections-3.2.2.jar;D:\Env\Java\repository\org\mortbay\jetty\jetty-sslengine\6.1.26\jetty-sslengine-6.1.26.jar;D:\Env\Java\repository\commons-logging\commons-logging\1.1.3\commons-logging-1.1.3.jar;D:\Env\Java\repository\commons-lang\commons-lang\2.6\commons-lang-2.6.jar;D:\Env\Java\repository\commons-configuration\commons-configuration\1.6\commons-configuration-1.6.jar;D:\Env\Java\repository\commons-digester\commons-digester\1.8\commons-digester-1.8.jar;D:\Env\Java\repository\commons-beanutils\commons-beanutils\1.9.4\commons-beanutils-1.9.4.jar;D:\Env\Java\repository\org\codehaus\jackson\jackson-core-asl\1.9.13\jackson-core-asl-1.9.13.jar;D:\Env\Java\repository\org\codehaus\jackson\jackson-mapper-asl\1.9.13\jackson-mapper-asl-1.9.13.jar;D:\Env\Java\repository\org\apache\avro\avro\1.7.7\avro-1.7.7.jar;D:\Env\Java\repository\com\thoughtworks\paranamer\paranamer\2.3\paranamer-2.3.jar;D:\Env\Java\repository\org\xerial\snappy\snappy-java\1.0.5\snappy-java-1.0.5.jar;D:\Env\Java\repository\com\google\code\gson\gson\2.9.1\gson-2.9.1.jar;D:\Env\Java\repository\com\jcraft\jsch\0.1.54\jsch-0.1.54.jar;D:\Env\Java\repository\org\apache\curator\curator-client\2.7.1\curator-client-2.7.1.jar;D:\Env\Java\repository\org\apache\curator\curator-recipes\2.7.1\curator-recipes-2.7.1.jar;D:\Env\Java\repository\com\google\code\findbugs\jsr305\3.0.0\jsr305-3.0.0.jar;D:\Env\Java\repository\org\codehaus\woodstox\stax2-api\3.1.4\stax2-api-3.1.4.jar;D:\Env\Java\repository\com\fasterxml\woodstox\woodstox-core\5.0.3\woodstox-core-5.0.3.jar;D:\Env\Java\repository\org\apache\yetus\audience-annotations\0.5.0\audience-annotations-0.5.0.jar;D:\Env\Java\repository\org\apache\phoenix\phoenix-core\5.2.0\phoenix-core-5.2.0.jar;D:\Env\Java\repository\org\apache\phoenix\phoenix-core-client\5.2.0\phoenix-core-client-5.2.0.jar;D:\Env\Java\repository\org\apache\phoenix\thirdparty\phoenix-shaded-guava\2.1.0\phoenix-shaded-guava-2.1.0.jar;D:\Env\Java\repository\org\apache\hbase\hbase-zookeeper\2.5.8-hadoop3\hbase-zookeeper-2.5.8-hadoop3.jar;D:\Env\Java\repository\io\opentelemetry\opentelemetry-api\1.15.0\opentelemetry-api-1.15.0.jar;D:\Env\Java\repository\io\opentelemetry\opentelemetry-context\1.15.0\opentelemetry-context-1.15.0.jar;D:\Env\Java\repository\org\apache\omid\omid-hbase-client\1.1.2\omid-hbase-client-1.1.2.jar;D:\Env\Java\repository\org\apache\omid\omid-hbase-common\1.1.2\omid-hbase-common-1.1.2.jar;D:\Env\Java\repository\com\google\inject\guice\5.1.0\guice-5.1.0.jar;D:\Env\Java\repository\javax\inject\javax.inject\1\javax.inject-1.jar;D:\Env\Java\repository\aopalliance\aopalliance\1.0\aopalliance-1.0.jar;D:\Env\Java\repository\org\apache\omid\omid-timestamp-storage\1.1.2\omid-timestamp-storage-1.1.2.jar;D:\Env\Java\repository\org\apache\omid\omid-hbase-commit-table\1.1.2\omid-hbase-commit-table-1.1.2.jar;D:\Env\Java\repository\com\codahale\metrics\metrics-core\3.0.1\metrics-core-3.0.1.jar;D:\Env\Java\repository\com\codahale\metrics\metrics-graphite\3.0.1\metrics-graphite-3.0.1.jar;D:\Env\Java\repository\org\apache\omid\omid-transaction-client\1.1.2\omid-transaction-client-1.1.2.jar;D:\Env\Java\repository\org\apache\omid\omid-statemachine\1.1.2\omid-statemachine-1.1.2.jar;D:\Env\Java\repository\org\apache\omid\omid-metrics\1.1.2\omid-metrics-1.1.2.jar;D:\Env\Java\repository\org\apache\omid\omid-commit-table\1.1.2\omid-commit-table-1.1.2.jar;D:\Env\Java\repository\org\apache\omid\omid-common\1.1.2\omid-common-1.1.2.jar;D:\Env\Java\repository\org\apache\omid\omid-codahale-metrics\1.1.2\omid-codahale-metrics-1.1.2.jar;D:\Env\Java\repository\org\antlr\antlr-runtime\3.5.2\antlr-runtime-3.5.2.jar;D:\Env\Java\repository\joda-time\joda-time\2.10.5\joda-time-2.10.5.jar;D:\Env\Java\repository\com\github\stephenc\findbugs\findbugs-annotations\1.3.9-1\findbugs-annotations-1.3.9-1.jar;D:\Env\Java\repository\com\github\stephenc\jcip\jcip-annotations\1.0-1\jcip-annotations-1.0-1.jar;D:\Env\Java\repository\org\iq80\snappy\snappy\0.3\snappy-0.3.jar;D:\Env\Java\repository\com\fasterxml\jackson\core\jackson-core\2.13.5\jackson-core-2.13.5.jar;D:\Env\Java\repository\com\fasterxml\jackson\core\jackson-annotations\2.13.5\jackson-annotations-2.13.5.jar;D:\Env\Java\repository\org\apache\htrace\htrace-core\3.1.0-incubating\htrace-core-3.1.0-incubating.jar;D:\Env\Java\repository\org\apache\phoenix\thirdparty\phoenix-shaded-commons-cli\2.1.0\phoenix-shaded-commons-cli-2.1.0.jar;D:\Env\Java\repository\org\apache\commons\commons-csv\1.0\commons-csv-1.0.jar;D:\Env\Java\repository\com\clearspring\analytics\stream\2.9.5\stream-2.9.5.jar;D:\Env\Java\repository\it\unimi\dsi\fastutil\7.0.6\fastutil-7.0.6.jar;D:\Env\Java\repository\com\ibm\icu\icu4j\72.1\icu4j-72.1.jar;D:\Env\Java\repository\com\ibm\icu\icu4j-localespi\72.1\icu4j-localespi-72.1.jar;D:\Env\Java\repository\com\lmax\disruptor\3.3.6\disruptor-3.3.6.jar;D:\Env\Java\repository\org\hdrhistogram\HdrHistogram\2.1.12\HdrHistogram-2.1.12.jar;D:\Env\Java\repository\org\apache\phoenix\phoenix-core-server\5.2.0\phoenix-core-server-5.2.0.jar;D:\Env\Java\repository\org\apache\hadoop\hadoop-yarn-api\3.2.4\hadoop-yarn-api-3.2.4.jar;D:\Env\Java\repository\javax\xml\bind\jaxb-api\2.3.1\jaxb-api-2.3.1.jar;D:\Env\Java\repository\org\apache\hadoop\hadoop-mapreduce-client-core\3.2.4\hadoop-mapreduce-client-core-3.2.4.jar;D:\Env\Java\repository\org\apache\hadoop\hadoop-yarn-client\3.2.4\hadoop-yarn-client-3.2.4.jar;D:\Env\Java\repository\org\apache\hadoop\hadoop-yarn-common\3.2.4\hadoop-yarn-common-3.2.4.jar;D:\Env\Java\repository\org\eclipse\jetty\jetty-util\9.4.51.v20230217\jetty-util-9.4.51.v20230217.jar;D:\Env\Java\repository\com\sun\jersey\jersey-core\1.19\jersey-core-1.19.jar;D:\Env\Java\repository\javax\ws\rs\jsr311-api\1.1.1\jsr311-api-1.1.1.jar;D:\Env\Java\repository\com\sun\jersey\jersey-client\1.19\jersey-client-1.19.jar;D:\Env\Java\repository\com\sun\jersey\jersey-server\1.19\jersey-server-1.19.jar;D:\Env\Java\repository\com\sun\jersey\jersey-json\1.19\jersey-json-1.19.jar;D:\Env\Java\repository\org\codehaus\jettison\jettison\1.1\jettison-1.1.jar;D:\Env\Java\repository\com\sun\xml\bind\jaxb-impl\2.2.3-1\jaxb-impl-2.2.3-1.jar;D:\Env\Java\repository\org\codehaus\jackson\jackson-jaxrs\1.9.2\jackson-jaxrs-1.9.2.jar;D:\Env\Java\repository\org\codehaus\jackson\jackson-xc\1.9.2\jackson-xc-1.9.2.jar;D:\Env\Java\repository\com\sun\jersey\contribs\jersey-guice\1.19\jersey-guice-1.19.jar;D:\Env\Java\repository\com\sun\jersey\jersey-servlet\1.19\jersey-servlet-1.19.jar;D:\Env\Java\repository\com\fasterxml\jackson\module\jackson-module-jaxb-annotations\2.13.5\jackson-module-jaxb-annotations-2.13.5.jar;D:\Env\Java\repository\com\fasterxml\jackson\jaxrs\jackson-jaxrs-json-provider\2.13.5\jackson-jaxrs-json-provider-2.13.5.jar;D:\Env\Java\repository\com\fasterxml\jackson\jaxrs\jackson-jaxrs-base\2.13.5\jackson-jaxrs-base-2.13.5.jar;D:\Env\Java\repository\org\apache\hadoop\hadoop-hdfs-client\3.2.4\hadoop-hdfs-client-3.2.4.jar;D:\Env\Java\repository\com\squareup\okhttp\okhttp\2.7.5\okhttp-2.7.5.jar;D:\Env\Java\repository\com\squareup\okio\okio\1.6.0\okio-1.6.0.jar;D:\Env\Java\repository\com\google\inject\extensions\guice-servlet\4.0\guice-servlet-4.0.jar;D:\Env\Java\repository\io\netty\netty\3.10.6.Final\netty-3.10.6.Final.jar;D:\Env\Java\repository\org\apache\hbase\hbase-mapreduce\2.5.8-hadoop3\hbase-mapreduce-2.5.8-hadoop3.jar;D:\Env\Java\repository\org\apache\hbase\hbase-asyncfs\2.5.8-hadoop3\hbase-asyncfs-2.5.8-hadoop3.jar;D:\Env\Java\repository\org\apache\hbase\hbase-replication\2.5.8-hadoop3\hbase-replication-2.5.8-hadoop3.jar;D:\Env\Java\repository\org\apache\hadoop\hadoop-hdfs\3.2.4\hadoop-hdfs-3.2.4.jar;D:\Env\Java\repository\org\eclipse\jetty\jetty-server\9.4.51.v20230217\jetty-server-9.4.51.v20230217.jar;D:\Env\Java\repository\org\eclipse\jetty\jetty-http\9.4.51.v20230217\jetty-http-9.4.51.v20230217.jar;D:\Env\Java\repository\org\eclipse\jetty\jetty-io\9.4.51.v20230217\jetty-io-9.4.51.v20230217.jar;D:\Env\Java\repository\org\eclipse\jetty\jetty-util-ajax\9.4.51.v20230217\jetty-util-ajax-9.4.51.v20230217.jar;D:\Env\Java\repository\commons-daemon\commons-daemon\1.0.13\commons-daemon-1.0.13.jar;D:\Env\Java\repository\io\netty\netty-all\4.1.94.Final\netty-all-4.1.94.Final.jar;D:\Env\Java\repository\io\netty\netty-codec-dns\4.1.94.Final\netty-codec-dns-4.1.94.Final.jar;D:\Env\Java\repository\io\netty\netty-codec-haproxy\4.1.94.Final\netty-codec-haproxy-4.1.94.Final.jar;D:\Env\Java\repository\io\netty\netty-codec-http\4.1.94.Final\netty-codec-http-4.1.94.Final.jar;D:\Env\Java\repository\io\netty\netty-codec-http2\4.1.94.Final\netty-codec-http2-4.1.94.Final.jar;D:\Env\Java\repository\io\netty\netty-codec-memcache\4.1.94.Final\netty-codec-memcache-4.1.94.Final.jar;D:\Env\Java\repository\io\netty\netty-codec-mqtt\4.1.94.Final\netty-codec-mqtt-4.1.94.Final.jar;D:\Env\Java\repository\io\netty\netty-codec-redis\4.1.94.Final\netty-codec-redis-4.1.94.Final.jar;D:\Env\Java\repository\io\netty\netty-codec-smtp\4.1.94.Final\netty-codec-smtp-4.1.94.Final.jar;D:\Env\Java\repository\io\netty\netty-codec-socks\4.1.94.Final\netty-codec-socks-4.1.94.Final.jar;D:\Env\Java\repository\io\netty\netty-codec-stomp\4.1.94.Final\netty-codec-stomp-4.1.94.Final.jar;D:\Env\Java\repository\io\netty\netty-codec-xml\4.1.94.Final\netty-codec-xml-4.1.94.Final.jar;D:\Env\Java\repository\io\netty\netty-handler-proxy\4.1.94.Final\netty-handler-proxy-4.1.94.Final.jar;D:\Env\Java\repository\io\netty\netty-handler-ssl-ocsp\4.1.94.Final\netty-handler-ssl-ocsp-4.1.94.Final.jar;D:\Env\Java\repository\io\netty\netty-resolver-dns\4.1.94.Final\netty-resolver-dns-4.1.94.Final.jar;D:\Env\Java\repository\io\netty\netty-transport-rxtx\4.1.94.Final\netty-transport-rxtx-4.1.94.Final.jar;D:\Env\Java\repository\io\netty\netty-transport-sctp\4.1.94.Final\netty-transport-sctp-4.1.94.Final.jar;D:\Env\Java\repository\io\netty\netty-transport-udt\4.1.94.Final\netty-transport-udt-4.1.94.Final.jar;D:\Env\Java\repository\io\netty\netty-transport-classes-kqueue\4.1.94.Final\netty-transport-classes-kqueue-4.1.94.Final.jar;D:\Env\Java\repository\io\netty\netty-resolver-dns-classes-macos\4.1.94.Final\netty-resolver-dns-classes-macos-4.1.94.Final.jar;D:\Env\Java\repository\io\netty\netty-transport-native-epoll\4.1.94.Final\netty-transport-native-epoll-4.1.94.Final-linux-x86_64.jar;D:\Env\Java\repository\io\netty\netty-transport-native-epoll\4.1.94.Final\netty-transport-native-epoll-4.1.94.Final-linux-aarch_64.jar;D:\Env\Java\repository\io\netty\netty-transport-native-kqueue\4.1.94.Final\netty-transport-native-kqueue-4.1.94.Final-osx-x86_64.jar;D:\Env\Java\repository\io\netty\netty-transport-native-kqueue\4.1.94.Final\netty-transport-native-kqueue-4.1.94.Final-osx-aarch_64.jar;D:\Env\Java\repository\io\netty\netty-resolver-dns-native-macos\4.1.94.Final\netty-resolver-dns-native-macos-4.1.94.Final-osx-x86_64.jar;D:\Env\Java\repository\io\netty\netty-resolver-dns-native-macos\4.1.94.Final\netty-resolver-dns-native-macos-4.1.94.Final-osx-aarch_64.jar;D:\Env\Java\repository\org\apache\hbase\hbase-server\2.5.8-hadoop3\hbase-server-2.5.8-hadoop3.jar;D:\Env\Java\repository\org\apache\hbase\hbase-http\2.5.8-hadoop3\hbase-http-2.5.8-hadoop3.jar;D:\Env\Java\repository\org\apache\hbase\thirdparty\hbase-shaded-jetty\4.1.5\hbase-shaded-jetty-4.1.5.jar;D:\Env\Java\repository\org\apache\hbase\thirdparty\hbase-shaded-jersey\4.1.5\hbase-shaded-jersey-4.1.5.jar;D:\Env\Java\repository\jakarta\validation\jakarta.validation-api\2.0.2\jakarta.validation-api-2.0.2.jar;D:\Env\Java\repository\org\glassfish\hk2\external\jakarta.inject\2.6.1\jakarta.inject-2.6.1.jar;D:\Env\Java\repository\org\javassist\javassist\3.29.2-GA\javassist-3.29.2-GA.jar;D:\Env\Java\repository\org\apache\hbase\hbase-procedure\2.5.8-hadoop3\hbase-procedure-2.5.8-hadoop3.jar;D:\Env\Java\repository\org\glassfish\web\javax.servlet.jsp\2.3.2\javax.servlet.jsp-2.3.2.jar;D:\Env\Java\repository\org\glassfish\javax.el\3.0.1-b12\javax.el-3.0.1-b12.jar;D:\Env\Java\repository\javax\servlet\jsp\javax.servlet.jsp-api\2.3.1\javax.servlet.jsp-api-2.3.1.jar;D:\Env\Java\repository\com\github\ben-manes\caffeine\caffeine\2.9.3\caffeine-2.9.3.jar;D:\Env\Java\repository\org\checkerframework\checker-qual\3.19.0\checker-qual-3.19.0.jar;D:\Env\Java\repository\org\agrona\agrona\1.12.0\agrona-1.12.0.jar;D:\Env\Java\repository\org\jamon\jamon-runtime\2.4.1\jamon-runtime-2.4.1.jar;D:\Env\Java\repository\javax\servlet\javax.servlet-api\4.0.1\javax.servlet-api-4.0.1.jar;D:\Env\Java\repository\org\apache\hadoop\hadoop-distcp\3.2.4\hadoop-distcp-3.2.4.jar;D:\Env\Java\repository\org\apache\omid\omid-hbase-coprocessor\1.1.2\omid-hbase-coprocessor-1.1.2.jar;D:\Env\Java\repository\com\beust\jcommander\1.82\jcommander-1.82.jar;D:\Env\Java\repository\org\apache\commons\commons-collections4\4.1\commons-collections4-4.1.jar;D:\Env\Java\repository\org\apache\commons\commons-compress\1.26.0\commons-compress-1.26.0.jar;D:\Env\Java\repository\com\alibaba\druid\1.2.23\druid-1.2.23.jar;"/>
    <property name="sun.cpu.endian" value="little"/>
    <property name="user.home" value="C:\Users\DF"/>
    <property name="user.language" value="zh"/>
    <property name="java.specification.vendor" value="Oracle Corporation"/>
    <property name="java.version.date" value="2023-04-18"/>
    <property name="java.home" value="D:\Env\Java\jdk-17"/>
    <property name="file.separator" value="\"/>
    <property name="basedir" value="D:\code\Java_Projects\BigData_Work"/>
    <property name="java.vm.compressedOopsMode" value="Zero based"/>
    <property name="line.separator" value="&#10;"/>
    <property name="java.vm.specification.vendor" value="Oracle Corporation"/>
    <property name="java.specification.name" value="Java Platform API Specification"/>
    <property name="surefire.real.class.path" value="C:\Users\DF\AppData\Local\Temp\surefire9132989092810494519\surefirebooter10760588381172486257.jar"/>
    <property name="user.script" value=""/>
    <property name="sun.management.compiler" value="HotSpot 64-Bit Tiered Compilers"/>
    <property name="java.runtime.version" value="17.0.7+8-LTS-224"/>
    <property name="user.name" value="DF"/>
    <property name="path.separator" value=";"/>
    <property name="os.version" value="10.0"/>
    <property name="java.runtime.name" value="Java(TM) SE Runtime Environment"/>
    <property name="file.encoding" value="GBK"/>
    <property name="java.vm.name" value="Java HotSpot(TM) 64-Bit Server VM"/>
    <property name="localRepository" value="D:\Env\Java\repository"/>
    <property name="java.vendor.url.bug" value="https://bugreport.java.com/bugreport/"/>
    <property name="java.io.tmpdir" value="C:\Users\DF\AppData\Local\Temp\"/>
    <property name="idea.version" value="2024.1"/>
    <property name="java.version" value="17.0.7"/>
    <property name="user.dir" value="D:\code\Java_Projects\BigData_Work"/>
    <property name="os.arch" value="amd64"/>
    <property name="java.vm.specification.name" value="Java Virtual Machine Specification"/>
    <property name="sun.os.patch.level" value=""/>
    <property name="native.encoding" value="GBK"/>
    <property name="java.library.path" value="D:\Env\Java\jdk-17\bin;C:\WINDOWS\Sun\Java\bin;C:\WINDOWS\system32;C:\WINDOWS;D:\Env\Java\jdk-1.8\bin\;C:\Program Files\Common Files\Oracle\Java\javapath;D:\VMware\bin\;D:\Env\Java\jdk-1.8\\bin\;C:\Windows\system32;C:\Windows;C:\Windows\System32\Wbem;C:\Windows\System32\WindowsPowerShell\v1.0\;C:\Windows\System32\OpenSSH\;C:\Program Files (x86)\NVIDIA Corporation\PhysX\Common;D:\Anaconda;D:\Anaconda\Scripts;D:\Anaconda\Library\bin;D:\Anaconda\Library\usr\bin;C:\Program Files\Microsoft SQL Server\150\Tools\Binn\;D:\opencv\opencv\build\x64\vc15\bin;D:\tools\OpenSSL\OpenSSL-Win64\bin;D:\tools\tesseract;C:\WINDOWS\system32;C:\WINDOWS;C:\WINDOWS\System32\Wbem;C:\WINDOWS\System32\WindowsPowerShell\v1.0\;C:\WINDOWS\System32\OpenSSH\;D:\MYSQL\MYSQL_8.0\bin;D:\tools\steam++;D:\Cheat Engine 7.4;C:\Program Files\dotnet\;D:\code\Git\cmd;C:\Users\DF\AppData\Local\Programs\Python\Python27\Scripts\;C:\Users\DF\AppData\Local\Programs\Python\Python27\;D:\tools\WireShark;D:\AFastCmd\;D:\tools\ffmpeg-6.0-essentials_build\bin\;D:\tools\Nmap\;D:\tools\aircrack-ng-1.7-win\bin\;D:\Env\groovy-4.0.15\bin;D:\HBuilderX\;D:\tools-dev\apache-maven-3.8.8\bin\;D:\tools\hydra-win-8.1\thc-hydra-windows-master\;D:\Env\nodejs\;D:\Env\nodejs\node_modules\npm\bin\;C:\Program Files\NVIDIA Corporation\NVIDIA NvDLISR;D:\tools-dev\apache-maven-3.8.8\bin;D:\tools\aircrack-ng-1.7-win\bin;C:\Windows\Microsoft.NET\Framework\v4.0.30319\;C:\Windows\Microsoft.NET\Framework64\v4.0.30319\;D:\Env\Java\android-sdk_r24.4.1-windows\android-sdk-windows\tools;D:\Env\Java\gradle-8.8\bin;D:\tools\ffmpeg-6.0-essentials_build\bin;D:\Env\C\mingw64\bin;D:\Env\C\mingw64\x86_64-w64-mingw32\include;D:\tools-dev\Microsoft VS Code;D:\tools-dev\DataSpell 2024.2.1\bin;D:\tools\mitmproxy\bin;D:\tools-dev\Typora;D:\Env\C\cmake-3.31.0-rc2-windows-x86_64\bin;D:\Env\python\Scripts\;D:\Env\python\;C:\Users\DF\AppData\Local\Microsoft\WindowsApps;D:\Pycharm\PyCharm Community Edition 2022.1.2\bin;D:\opencv\opencv\build\x64\vc15\bin;D:\VS\vsself\Common7\IDE;D:\tools\Fiddler;C:\Users\DF\AppData\Local\Microsoft\WindowsApps;C:\Users\DF\AppData\Local\GitHubDesktop\bin;C:\Users\DF\AppData\Local\Programs\Python\Python38;C:\Users\DF\AppData\Local\Programs\Python\Python38\Scripts;C:\Users\DF\AppData\Local\Microsoft\WinGet\Packages\Genymobile.scrcpy_Microsoft.Winget.Source_8wekyb3d8bbwe\scrcpy-win64-v2.1.1;D:\tools\Nmap;D:\Env\groovy-4.0.15\bin;C:\Users\DF\AppData\Local\Programs\Microsoft VS Code\bin;D:\tools\Ollydbg;D:\tools-dev\IntelliJ IDEA 2024.1\bin;;C:\Users\DF\AppData\Roaming\npm;D:\Anaconda\Library\mingw-w64\bin;D:\tools\v2rayN\;C:\Users\DF\AppData\Roaming\Python\Python39\Scripts\;%DevEco Studio%;C:\Users\DF\ohpm\ohpm-1.2.5\bin;D:\DB\PostgreSQL\16\bin;D:\tools\Clash.for.Windows-0.20.39-win-CN;D:\tools\Everything-1.4.1.1024.x64;D:\VS\vsself\VC\Tools\MSVC\14.34.31933\bin\Hostx64\x64;C:\Users\DF\.dotnet\tools;D:\tools-dev\Microsoft VS Code\bin;D:\tools-dev\DataSpell 2024.2.1\bin;;D:\tools\mitmproxy\bin;;."/>
    <property name="java.vm.info" value="mixed mode, sharing"/>
    <property name="java.vendor" value="Oracle Corporation"/>
    <property name="java.vm.version" value="17.0.7+8-LTS-224"/>
    <property name="sun.io.unicode.encoding" value="UnicodeLittle"/>
    <property name="maven.repo.local" value="D:\Env\Java\repository"/>
    <property name="java.class.version" value="61.0"/>
  </properties>
  <testcase name="test" classname="TestDb" time="19.342"/>
  <testcase name="test1" classname="TestDb" time="0.001"/>
</testsuite>